Removed Pin From Net: NetName=DC-IN-B2 Pin=DC-DATAIN-1
Removed Pin From Net: NetName=DC-IN-B1 Pin=DC-DATAIN-2
Removed Pin From Net: NetName=DC-IN-A2 Pin=DC-DATAIN-3
Removed Pin From Net: NetName=DC-IN-A1 Pin=DC-DATAIN-4
Removed Pin From Net: NetName=DC_OUT_MOTOR_B2 Pin=DC-DATAOUT-1
Removed Pin From Net: NetName=DC_OUT_MOTOR_B1 Pin=DC-DATAOUT-2
Removed Pin From Net: NetName=DC_OUT_MOTOR_A2 Pin=DC-DATAOUT-3
Removed Pin From Net: NetName=DC_OUT_MOTOR_A1 Pin=DC-DATAOUT-4
Removed Pin From Net: NetName=GND Pin=DC-VIN-1
Removed Pin From Net: NetName=VIN Pin=DC-VIN-2
Removed Member From Class: ClassName=ArduinoUnoShield Member=DC-DATAIN
Removed Member From Class: ClassName=ArduinoUnoShield Member=DC-DATAOUT
Removed Member From Class: ClassName=ArduinoUnoShield Member=DC-VIN
Added Component: Designator=DC Mini IN(HDR/Header/4/2mm)
Add component. Clean all parameters for all variants
Add component (AddParameter): Name = "BRAND"; Value = ""; VariantName = "[No Variations]"
Add component (AddParameter): Name = "PACKAGE"; Value = ""; VariantName = "[No Variations]"
Add component (AddParameter): Name = "PART NO"; Value = ""; VariantName = "[No Variations]"
Add component (AddParameter): Name = "STOCK CODE"; Value = ""; VariantName = "[No Variations]"
Add component (AddParameter): Name = "SUPPLIER"; Value = ""; VariantName = "[No Variations]"
Add component (AddParameter): Name = "TYPE"; Value = ""; VariantName = "[No Variations]"
Added Component: Designator=DC Mini OUT(HDR/Header/4/2mm)
Add component. Clean all parameters for all variants
Add component (AddParameter): Name = "BRAND"; Value = ""; VariantName = "[No Variations]"
Add component (AddParameter): Name = "PACKAGE"; Value = ""; VariantName = "[No Variations]"
Add component (AddParameter): Name = "PART NO"; Value = ""; VariantName = "[No Variations]"
Add component (AddParameter): Name = "STOCK CODE"; Value = ""; VariantName = "[No Variations]"
Add component (AddParameter): Name = "SUPPLIER"; Value = ""; VariantName = "[No Variations]"
Add component (AddParameter): Name = "TYPE"; Value = ""; VariantName = "[No Variations]"
Added Component: Designator=DC Mini VIN(HDR/Header/2)
Add component. Clean all parameters for all variants
Add component (AddParameter): Name = "BRAND"; Value = ""; VariantName = "[No Variations]"
Add component (AddParameter): Name = "PACKAGE"; Value = ""; VariantName = "[No Variations]"
Add component (AddParameter): Name = "PART NO"; Value = ""; VariantName = "[No Variations]"
Add component (AddParameter): Name = "STOCK CODE"; Value = ""; VariantName = "[No Variations]"
Add component (AddParameter): Name = "SUPPLIER"; Value = ""; VariantName = "[No Variations]"
Add component (AddParameter): Name = "TYPE"; Value = ""; VariantName = "[No Variations]"
Added Pin To Net: NetName=DC-IN-B2 Pin=DC Mini IN-1
Added Pin To Net: NetName=DC-IN-B1 Pin=DC Mini IN-2
Added Pin To Net: NetName=DC-IN-A2 Pin=DC Mini IN-3
Added Pin To Net: NetName=DC-IN-A1 Pin=DC Mini IN-4
Added Pin To Net: NetName=DC_OUT_MOTOR_B2 Pin=DC Mini OUT-1
Added Pin To Net: NetName=DC_OUT_MOTOR_B1 Pin=DC Mini OUT-2
Added Pin To Net: NetName=DC_OUT_MOTOR_A2 Pin=DC Mini OUT-3
Added Pin To Net: NetName=DC_OUT_MOTOR_A1 Pin=DC Mini OUT-4
Added Pin To Net: NetName=GND Pin=DC Mini VIN-1
Added Pin To Net: NetName=VIN Pin=DC Mini VIN-2
Added Member To Class: ClassName=ArduinoUnoShield Member=Component DC Mini IN
Added Member To Class: ClassName=ArduinoUnoShield Member=Component DC Mini OUT
Added Member To Class: ClassName=ArduinoUnoShield Member=Component DC Mini VIN
